<?xml version="1.0" encoding="UTF-8"?>
<!-- Generated by org.testng.reporters.JUnitReportReporter -->
<testsuite hostname="FlyingSamurai2" failures="0" tests="2" name="practice.testng.sampleTest" time="0.010" errors="0" timestamp="2024-08-01T15:05:20 IST" skipped="0">
  <testcase classname="practice.testng.sampleTest" name="createConatctTest" time="0.008"/>
  <system-out/>
  <testcase classname="practice.testng.sampleTest" name="createContactWithMobileTest" time="0.002"/>
  <system-out/>
</testsuite> <!-- practice.testng.sampleTest -->
