<?xml version="1.0" encoding="UTF-8"?>
<!-- Generated by org.testng.reporters.JUnitReportReporter -->
<testsuite hostname="FlyingSamurai2" failures="0" tests="1" name="com.comcast.crm.orgtest.CreateOrganisationTest" time="130.277" errors="0" timestamp="2024-08-10T14:23:20 IST" skipped="0">
  <testcase classname="com.comcast.crm.orgtest.CreateOrganisationTest" name="createNewOrg" time="130.277"/>
  <system-out/>
</testsuite> <!-- com.comcast.crm.orgtest.CreateOrganisationTest -->
