<?xml version="1.0" encoding="UTF-8"?>
<!-- Generated by org.testng.reporters.JUnitReportReporter -->
<testsuite hostname="FlyingSamurai2" failures="0" tests="3" name="demoPackge.ClassDemoA" time="0.004" errors="0" timestamp="2024-08-03T14:53:17 IST" skipped="0">
  <testcase classname="demoPackge.ClassDemoA" name="methodBTest" time="0.002"/>
  <system-out/>
  <testcase classname="demoPackge.ClassDemoA" name="methodCTest" time="0.001"/>
  <system-out/>
  <testcase classname="demoPackge.ClassDemoA" name="methodATest" time="0.001"/>
  <system-out/>
</testsuite> <!-- demoPackge.ClassDemoA -->
