<?xml version="1.0" encoding="UTF-8"?>
<!-- Generated by org.testng.reporters.JUnitReportReporter -->
<testsuite hostname="FlyingSamurai2" failures="0" tests="2" name="com.crm.comcast.orgtest.createOrgTest" time="0.005" errors="0" timestamp="2024-08-02T15:56:08 IST" skipped="0">
  <testcase classname="com.crm.comcast.orgtest.createOrgTest" name="createOrgWithIndustry" time="0.002"/>
  <system-out/>
  <testcase classname="com.crm.comcast.orgtest.createOrgTest" name="createNewOrgTest" time="0.003"/>
  <system-out/>
</testsuite> <!-- com.crm.comcast.orgtest.createOrgTest -->
