<?xml version="1.0" encoding="UTF-8"?>
<!-- Generated by org.testng.reporters.JUnitReportReporter -->
<testsuite hostname="FlyingSamurai2" failures="0" tests="2" name="practice.testng.createContactTest" time="0.008" errors="0" timestamp="2024-08-02T15:39:55 IST" skipped="0">
  <testcase classname="practice.testng.createContactTest" name="createContact" time="0.006"/>
  <system-out/>
  <testcase classname="practice.testng.createContactTest" name="createContactwithdate" time="0.002"/>
  <system-out/>
</testsuite> <!-- practice.testng.createContactTest -->
