<?xml version="1.0" encoding="UTF-8"?>
<!-- Generated by org.testng.reporters.JUnitReportReporter -->
<testsuite hostname="FlyingSamurai2" failures="0" tests="3" name="demoPackge.ClassDemoC" time="0.013" errors="0" timestamp="2024-08-03T14:53:17 IST" skipped="0">
  <testcase classname="demoPackge.ClassDemoC" name="test6" time="0.003"/>
  <system-out/>
  <testcase classname="demoPackge.ClassDemoC" name="test5" time="0.002"/>
  <system-out/>
  <testcase classname="demoPackge.ClassDemoC" name="test4" time="0.008"/>
  <system-out/>
</testsuite> <!-- demoPackge.ClassDemoC -->
