<?xml version="1.0" encoding="UTF-8"?>
<!-- Generated by org.testng.reporters.JUnitReportReporter -->
<testsuite hostname="FlyingSamurai2" failures="0" tests="1" name="practice.testng.CaptureTimeStamp" time="0.045" errors="0" timestamp="2024-08-06T11:36:50 IST" skipped="0">
  <testcase classname="practice.testng.CaptureTimeStamp" name="timeStampTest" time="0.045"/>
  <system-out/>
</testsuite> <!-- practice.testng.CaptureTimeStamp -->
