<?xml version="1.0" encoding="UTF-8"?>
<!-- Generated by org.testng.reporters.JUnitReportReporter -->
<testsuite hostname="FlyingSamurai2" failures="0" tests="2" name="practice.assertionHomeTest.SampleHardassertionTest" time="0.013" errors="0" timestamp="2024-08-05T15:14:19 IST" skipped="0">
  <testcase classname="practice.assertionHomeTest.SampleHardassertionTest" name="verifyHomePageLogoTest" time="0.002"/>
  <system-out>
    <![CDATA[verifyHomePageLogoTestTest Strats
step-1
step-2
step-3
step-4
verifyHomePageLogoTestTest Ends]]>
  </system-out>
  <testcase classname="practice.assertionHomeTest.SampleHardassertionTest" name="homePageTest" time="0.011"/>
  <system-out>
    <![CDATA[homePageTestTest Starts
step-1
step-2
step-3
step-4
homePageTestTest Ends]]>
  </system-out>
</testsuite> <!-- practice.assertionHomeTest.SampleHardassertionTest -->
