<?xml version="1.0" encoding="UTF-8"?>
<!-- Generated by org.testng.reporters.JUnitReportReporter -->
<testsuite hostname="FlyingSamurai2" failures="0" tests="3" name="practice.testng.createContactWithdataProvidertest" time="0.012" errors="0" timestamp="2024-08-02T16:15:24 IST" skipped="0">
  <testcase classname="practice.testng.createContactWithdataProvidertest" name="createContactTest" time="0.001"/>
  <system-out/>
  <testcase classname="practice.testng.createContactWithdataProvidertest" name="createContactTest" time="0.010"/>
  <system-out/>
  <testcase classname="practice.testng.createContactWithdataProvidertest" name="createContactTest" time="0.001"/>
  <system-out/>
</testsuite> <!-- practice.testng.createContactWithdataProvidertest -->
