<?xml version="1.0" encoding="UTF-8"?>
<!-- Generated by org.testng.reporters.JUnitReportReporter -->
<testsuite hostname="FlyingSamurai2" failures="0" tests="1" name="com.comcast.crm.contactTestNGtest.CreateContactTest" time="13.712" errors="0" timestamp="2024-08-05T17:10:13 IST" skipped="0">
  <testcase classname="com.comcast.crm.contactTestNGtest.CreateContactTest" name="createContactwithSupportdateTest" time="13.712"/>
  <system-out/>
</testsuite> <!-- com.comcast.crm.contactTestNGtest.CreateContactTest -->
