<?xml version="1.0" encoding="UTF-8"?>
<!-- Generated by org.testng.reporters.JUnitReportReporter -->
<testsuite hostname="FlyingSamurai2" failures="0" tests="4" name="practice.testng.orderTest" time="0.022" errors="0" timestamp="2024-08-01T16:20:10 IST" skipped="1">
  <testcase classname="practice.testng.orderTest" name="createOrderTest" time="0.002"/>
  <system-out/>
  <testcase classname="practice.testng.orderTest" name="createOrderTest" time="0.019"/>
  <system-out/>
  <testcase classname="practice.testng.orderTest" name="createOrderTest" time="0.001"/>
  <system-out/>
  <testcase classname="practice.testng.orderTest" name="billingAnOrder">
    <skipped/>
  </testcase> <!-- billingAnOrder -->
  <system-out/>
</testsuite> <!-- practice.testng.orderTest -->
