<?xml version="1.0" encoding="UTF-8"?>
<!-- Generated by org.testng.reporters.JUnitReportReporter -->
<testsuite hostname="FlyingSamurai2" failures="0" tests="1" name="Screenshots.demoWebShopTest" time="10.879" errors="0" timestamp="2024-08-12T09:34:22 IST" skipped="0">
  <testcase classname="Screenshots.demoWebShopTest" name="getScreenshotTest" time="10.879"/>
  <system-out/>
</testsuite> <!-- Screenshots.demoWebShopTest -->
