<?xml version="1.0" encoding="UTF-8"?>
<!-- Generated by org.testng.reporters.JUnitReportReporter -->
<testsuite hostname="FlyingSamurai2" failures="0" tests="2" name="com.crm.comcast.practiceorgtest.CreateOrganisationTest" time="20.245" errors="0" timestamp="2024-08-03T13:01:17 IST" skipped="1">
  <testcase classname="com.crm.comcast.practiceorgtest.CreateOrganisationTest" name="createNewOrg" time="20.245"/>
  <system-out/>
  <testcase classname="com.crm.comcast.practiceorgtest.CreateOrganisationTest" name="createOrgWithIndustry">
    <skipped/>
  </testcase> <!-- createOrgWithIndustry -->
  <system-out/>
</testsuite> <!-- com.crm.comcast.practiceorgtest.CreateOrganisationTest -->
