<?xml version="1.0" encoding="UTF-8"?>
<!-- Generated by org.testng.reporters.JUnitReportReporter -->
<testsuite hostname="FlyingSamurai2" failures="0" tests="2" name="Screenshots.SampleTestForScreenshot" time="7.824" errors="0" timestamp="2024-08-05T15:58:47 IST" skipped="0">
  <testcase classname="Screenshots.SampleTestForScreenshot" name="amazonWebElementTest" time="3.972"/>
  <system-out/>
  <testcase classname="Screenshots.SampleTestForScreenshot" name="amazonTest" time="3.852"/>
  <system-out/>
</testsuite> <!-- Screenshots.SampleTestForScreenshot -->
