<?xml version="1.0" encoding="UTF-8"?>
<!-- Generated by org.testng.reporters.JUnitReportReporter -->
<testsuite hostname="FlyingSamurai2" failures="0" tests="3" name="demoPackge.ClassDemoB" time="0.007" errors="0" timestamp="2024-08-03T14:53:17 IST" skipped="0">
  <testcase classname="demoPackge.ClassDemoB" name="methodTest3" time="0.003"/>
  <system-out/>
  <testcase classname="demoPackge.ClassDemoB" name="methodTest1" time="0.001"/>
  <system-out/>
  <testcase classname="demoPackge.ClassDemoB" name="methodTest2" time="0.003"/>
  <system-out/>
</testsuite> <!-- demoPackge.ClassDemoB -->
