<?xml version="1.0" encoding="UTF-8"?>
<!-- Generated by org.testng.reporters.JUnitReportReporter -->
<testsuite hostname="FlyingSamurai2" failures="0" tests="3" name="practice.testng.contactTest" time="0.016" errors="0" timestamp="2024-08-01T16:16:26 IST" skipped="0">
  <testcase classname="practice.testng.contactTest" name="deleteContactTest" time="0.002"/>
  <system-out/>
  <testcase classname="practice.testng.contactTest" name="modifyContactTest" time="0.001"/>
  <system-out/>
  <testcase classname="practice.testng.contactTest" name="createConatctTest" time="0.013"/>
  <system-out/>
</testsuite> <!-- practice.testng.contactTest -->
